<?xml version="1.0" encoding="UTF-8"?>
<!-- Generated by org.testng.reporters.JUnitXMLReporter -->
<testsuite ignored="0" hostname="DESKTOP-5SRPD8A" failures="0" tests="3" name="Car Loan" time="0.01" errors="0" timestamp="2022-04-06T15:17:06 SGT">
  <testcase classname="testng_tutorial.prioritizing" name="apiLogin" time="0.001"/>
  <testcase classname="testng_tutorial.prioritizing" name="mobileLogin" time="0.0"/>
  <testcase classname="testng_tutorial.prioritizing" name="webLogin" time="0.003"/>
</testsuite> <!-- Car Loan -->
