<?xml version="1.0" encoding="UTF-8"?>
<!-- Generated by org.testng.reporters.JUnitXMLReporter -->
<testsuite ignored="0" hostname="DESKTOP-5SRPD8A" failures="0" tests="3" name="Personal Loan" time="0.041" errors="0" timestamp="2022-04-06T15:17:06 SGT">
  <testcase classname="testng_tutorial.day1" name="demo" time="0.006"/>
  <testcase classname="testng_tutorial.day1" name="demo2" time="0.001"/>
  <testcase classname="testng_tutorial.day2" name="print" time="0.001"/>
</testsuite> <!-- Personal Loan -->
