<?xml version="1.0" encoding="UTF-8"?>
<testng-results ignored="1" total="18" passed="15" failed="2" skipped="0">
  <reporter-output>
  </reporter-output>
  <suite started-at="2022-04-06T20:18:50 SGT" name="Loan Department" finished-at="2022-04-06T20:18:50 SGT" duration-ms="66">
    <groups>
      <group name="Smoke">
        <method signature="Day3.apiLogin()[pri:0, instance:testng_tutorial.Day3@193f604a]" name="apiLogin" class="testng_tutorial.Day3"/>
        <method signature="Day1.demo2()[pri:2, instance:testng_tutorial.Day1@4e096385]" name="demo2" class="testng_tutorial.Day1"/>
        <method signature="Day4.mobileLoginHome3()[pri:0, instance:testng_tutorial.Day4@18d87d80]" name="mobileLoginHome3" class="testng_tutorial.Day4"/>
      </group> <!-- Smoke -->
    </groups>
    <test started-at="2022-04-06T20:18:50 SGT" name="Car Loan" finished-at="2022-04-06T20:18:50 SGT" duration-ms="66">
      <class name="testng_tutorial.Day4">
        <test-method is-config="true" signature="beforeMethod()[pri:0, instance:testng_tutorial.Day4@18d87d80]" started-at="2022-04-06T20:18:50 SGT" name="beforeMethod" finished-at="2022-04-06T20:18:50 SGT" duration-ms="0" status="PASS">
          <reporter-output>
          </reporter-output>
        </test-method> <!-- beforeMethod -->
        <test-method signature="apiLoginHome()[pri:0, instance:testng_tutorial.Day4@18d87d80]" started-at="2022-04-06T20:18:50 SGT" name="apiLoginHome" finished-at="2022-04-06T20:18:50 SGT" duration-ms="4" status="PASS">
          <reporter-output>
          </reporter-output>
        </test-method> <!-- apiLoginHome -->
        <test-method is-config="true" signature="afterMethod()[pri:0, instance:testng_tutorial.Day4@18d87d80]" started-at="2022-04-06T20:18:50 SGT" name="afterMethod" finished-at="2022-04-06T20:18:50 SGT" duration-ms="0" status="PASS">
          <reporter-output>
          </reporter-output>
        </test-method> <!-- afterMethod -->
        <test-method is-config="true" signature="beforeMethod()[pri:0, instance:testng_tutorial.Day4@18d87d80]" started-at="2022-04-06T20:18:50 SGT" name="beforeMethod" finished-at="2022-04-06T20:18:50 SGT" duration-ms="0" status="PASS">
          <reporter-output>
          </reporter-output>
        </test-method> <!-- beforeMethod -->
        <test-method signature="mobileLoginHome(java.lang.String,java.lang.String)[pri:0, instance:testng_tutorial.Day4@18d87d80]" started-at="2022-04-06T20:18:50 SGT" name="mobileLoginHome" data-provider="getData" finished-at="2022-04-06T20:18:50 SGT" duration-ms="2" status="PASS">
          <params>
            <param index="0">
              <value>
                <![CDATA[username]]>
              </value>
            </param>
            <param index="1">
              <value>
                <![CDATA[password]]>
              </value>
            </param>
          </params>
          <reporter-output>
          </reporter-output>
        </test-method> <!-- mobileLoginHome -->
        <test-method is-config="true" signature="afterMethod()[pri:0, instance:testng_tutorial.Day4@18d87d80]" started-at="2022-04-06T20:18:50 SGT" name="afterMethod" finished-at="2022-04-06T20:18:50 SGT" duration-ms="0" status="PASS">
          <reporter-output>
          </reporter-output>
        </test-method> <!-- afterMethod -->
        <test-method is-config="true" signature="beforeMethod()[pri:0, instance:testng_tutorial.Day4@18d87d80]" started-at="2022-04-06T20:18:50 SGT" name="beforeMethod" finished-at="2022-04-06T20:18:50 SGT" duration-ms="0" status="PASS">
          <reporter-output>
          </reporter-output>
        </test-method> <!-- beforeMethod -->
        <test-method signature="mobileLoginHome(java.lang.String,java.lang.String)[pri:0, instance:testng_tutorial.Day4@18d87d80]" started-at="2022-04-06T20:18:50 SGT" name="mobileLoginHome" data-provider="getData" finished-at="2022-04-06T20:18:50 SGT" duration-ms="2" status="PASS">
          <params>
            <param index="0">
              <value>
                <![CDATA[username2]]>
              </value>
            </param>
            <param index="1">
              <value>
                <![CDATA[password2]]>
              </value>
            </param>
          </params>
          <reporter-output>
          </reporter-output>
        </test-method> <!-- mobileLoginHome -->
        <test-method is-config="true" signature="afterMethod()[pri:0, instance:testng_tutorial.Day4@18d87d80]" started-at="2022-04-06T20:18:50 SGT" name="afterMethod" finished-at="2022-04-06T20:18:50 SGT" duration-ms="0" status="PASS">
          <reporter-output>
          </reporter-output>
        </test-method> <!-- afterMethod -->
        <test-method signature="mobileLoginHome(java.lang.String,java.lang.String)[pri:0, instance:testng_tutorial.Day4@18d87d80]" started-at="2022-04-06T20:18:50 SGT" name="mobileLoginHome" data-provider="getData" finished-at="2022-04-06T20:18:50 SGT" duration-ms="1" status="PASS">
          <params>
            <param index="0">
              <value>
                <![CDATA[username3]]>
              </value>
            </param>
            <param index="1">
              <value>
                <![CDATA[password3]]>
              </value>
            </param>
          </params>
          <reporter-output>
          </reporter-output>
        </test-method> <!-- mobileLoginHome -->
        <test-method is-config="true" signature="beforeMethod()[pri:0, instance:testng_tutorial.Day4@18d87d80]" started-at="2022-04-06T20:18:50 SGT" name="beforeMethod" finished-at="2022-04-06T20:18:50 SGT" duration-ms="0" status="PASS">
          <reporter-output>
          </reporter-output>
        </test-method> <!-- beforeMethod -->
        <test-method is-config="true" signature="afterMethod()[pri:0, instance:testng_tutorial.Day4@18d87d80]" started-at="2022-04-06T20:18:50 SGT" name="afterMethod" finished-at="2022-04-06T20:18:50 SGT" duration-ms="1" status="PASS">
          <reporter-output>
          </reporter-output>
        </test-method> <!-- afterMethod -->
        <test-method is-config="true" signature="beforeMethod()[pri:0, instance:testng_tutorial.Day4@18d87d80]" started-at="2022-04-06T20:18:50 SGT" name="beforeMethod" finished-at="2022-04-06T20:18:50 SGT" duration-ms="0" status="PASS">
          <reporter-output>
          </reporter-output>
        </test-method> <!-- beforeMethod -->
        <test-method signature="mobileLoginHome2()[pri:0, instance:testng_tutorial.Day4@18d87d80]" started-at="2022-04-06T20:18:50 SGT" name="mobileLoginHome2" finished-at="2022-04-06T20:18:50 SGT" duration-ms="1" status="PASS">
          <reporter-output>
          </reporter-output>
        </test-method> <!-- mobileLoginHome2 -->
        <test-method is-config="true" signature="afterMethod()[pri:0, instance:testng_tutorial.Day4@18d87d80]" started-at="2022-04-06T20:18:50 SGT" name="afterMethod" finished-at="2022-04-06T20:18:50 SGT" duration-ms="0" status="PASS">
          <reporter-output>
          </reporter-output>
        </test-method> <!-- afterMethod -->
        <test-method is-config="true" signature="beforeMethod()[pri:0, instance:testng_tutorial.Day4@18d87d80]" started-at="2022-04-06T20:18:50 SGT" name="beforeMethod" finished-at="2022-04-06T20:18:50 SGT" duration-ms="0" status="PASS">
          <reporter-output>
          </reporter-output>
        </test-method> <!-- beforeMethod -->
        <test-method signature="mobileLoginHome3()[pri:0, instance:testng_tutorial.Day4@18d87d80]" started-at="2022-04-06T20:18:50 SGT" name="mobileLoginHome3" finished-at="2022-04-06T20:18:50 SGT" duration-ms="1" status="PASS">
          <reporter-output>
          </reporter-output>
        </test-method> <!-- mobileLoginHome3 -->
        <test-method is-config="true" signature="afterMethod()[pri:0, instance:testng_tutorial.Day4@18d87d80]" started-at="2022-04-06T20:18:50 SGT" name="afterMethod" finished-at="2022-04-06T20:18:50 SGT" duration-ms="0" status="PASS">
          <reporter-output>
          </reporter-output>
        </test-method> <!-- afterMethod -->
        <test-method signature="sampleListener()[pri:0, instance:testng_tutorial.Day4@18d87d80]" started-at="2022-04-06T20:18:50 SGT" name="sampleListener" finished-at="2022-04-06T20:18:50 SGT" duration-ms="1" status="FAIL">
          <exception class="java.lang.AssertionError">
            <message>
              <![CDATA[expected [false] but found [true]]]>
            </message>
            <full-stacktrace>
              <![CDATA[java.lang.AssertionError: expected [false] but found [true]
at org.testng.Assert.fail(Assert.java:99)
at org.testng.Assert.failNotEquals(Assert.java:1037)
at org.testng.Assert.assertEqualsImpl(Assert.java:140)
at org.testng.Assert.assertEquals(Assert.java:122)
at org.testng.Assert.assertEquals(Assert.java:819)
at org.testng.Assert.assertEquals(Assert.java:829)
at testng_tutorial.Day4.sampleListener(Day4.java:35)
at java.base/jdk.internal.reflect.NativeMethodAccessorImpl.invoke0(Native Method)
at java.base/jdk.internal.reflect.NativeMethodAccessorImpl.invoke(NativeMethodAccessorImpl.java:77)
at java.base/jdk.internal.reflect.DelegatingMethodAccessorImpl.invoke(DelegatingMethodAccessorImpl.java:43)
at java.base/java.lang.reflect.Method.invoke(Method.java:568)
at org.testng.internal.MethodInvocationHelper.invokeMethod(MethodInvocationHelper.java:133)
at org.testng.internal.TestInvoker.invokeMethod(TestInvoker.java:598)
at org.testng.internal.TestInvoker.invokeTestMethod(TestInvoker.java:173)
at org.testng.internal.MethodRunner.runInSequence(MethodRunner.java:46)
at org.testng.internal.TestInvoker$MethodInvocationAgent.invoke(TestInvoker.java:824)
at org.testng.internal.TestInvoker.invokeTestMethods(TestInvoker.java:146)
at org.testng.internal.TestMethodWorker.invokeTestMethods(TestMethodWorker.java:146)
at org.testng.internal.TestMethodWorker.run(TestMethodWorker.java:128)
at java.base/java.util.ArrayList.forEach(ArrayList.java:1511)
at org.testng.TestRunner.privateRun(TestRunner.java:794)
at org.testng.TestRunner.run(TestRunner.java:596)
at org.testng.SuiteRunner.runTest(SuiteRunner.java:377)
at org.testng.SuiteRunner.access$000(SuiteRunner.java:28)
at org.testng.SuiteRunner$SuiteWorker.run(SuiteRunner.java:418)
at org.testng.internal.thread.ThreadUtil.lambda$execute$0(ThreadUtil.java:64)
at java.base/java.util.concurrent.FutureTask.run(FutureTask.java:264)
at java.base/java.util.concurrent.ThreadPoolExecutor.runWorker(ThreadPoolExecutor.java:1136)
at java.base/java.util.concurrent.ThreadPoolExecutor$Worker.run(ThreadPoolExecutor.java:635)
at java.base/java.lang.Thread.run(Thread.java:833)
]]>
            </full-stacktrace>
          </exception> <!-- java.lang.AssertionError -->
          <reporter-output>
          </reporter-output>
        </test-method> <!-- sampleListener -->
        <test-method is-config="true" signature="beforeMethod()[pri:0, instance:testng_tutorial.Day4@18d87d80]" started-at="2022-04-06T20:18:50 SGT" name="beforeMethod" finished-at="2022-04-06T20:18:50 SGT" duration-ms="0" status="PASS">
          <reporter-output>
          </reporter-output>
        </test-method> <!-- beforeMethod -->
        <test-method signature="webLogin(java.lang.String,java.lang.String)[pri:0, instance:testng_tutorial.Day4@18d87d80]" started-at="2022-04-06T20:18:50 SGT" name="webLogin" finished-at="2022-04-06T20:18:50 SGT" duration-ms="1" status="PASS">
          <params>
            <param index="0">
              <value>
                <![CDATA[www.pagibig.com]]>
              </value>
            </param>
            <param index="1">
              <value>
                <![CDATA[Gale]]>
              </value>
            </param>
          </params>
          <reporter-output>
          </reporter-output>
        </test-method> <!-- webLogin -->
        <test-method is-config="true" signature="afterMethod()[pri:0, instance:testng_tutorial.Day4@18d87d80]" started-at="2022-04-06T20:18:50 SGT" name="afterMethod" finished-at="2022-04-06T20:18:50 SGT" duration-ms="0" status="PASS">
          <reporter-output>
          </reporter-output>
        </test-method> <!-- afterMethod -->
        <test-method is-config="true" signature="beforeMethod()[pri:0, instance:testng_tutorial.Day4@18d87d80]" started-at="2022-04-06T20:18:50 SGT" name="beforeMethod" finished-at="2022-04-06T20:18:50 SGT" duration-ms="0" status="PASS">
          <reporter-output>
          </reporter-output>
        </test-method> <!-- beforeMethod -->
        <test-method is-config="true" signature="afterMethod()[pri:0, instance:testng_tutorial.Day4@18d87d80]" started-at="2022-04-06T20:18:50 SGT" name="afterMethod" finished-at="2022-04-06T20:18:50 SGT" duration-ms="0" status="PASS">
          <reporter-output>
          </reporter-output>
        </test-method> <!-- afterMethod -->
        <test-method is-config="true" signature="beforeMethod()[pri:0, instance:testng_tutorial.Day4@18d87d80]" started-at="2022-04-06T20:18:50 SGT" name="beforeMethod" finished-at="2022-04-06T20:18:50 SGT" duration-ms="0" status="PASS">
          <reporter-output>
          </reporter-output>
        </test-method> <!-- beforeMethod -->
        <test-method signature="webLoginHome()[pri:0, instance:testng_tutorial.Day4@18d87d80]" started-at="2022-04-06T20:18:50 SGT" name="webLoginHome" finished-at="2022-04-06T20:18:50 SGT" duration-ms="1" status="PASS">
          <reporter-output>
          </reporter-output>
        </test-method> <!-- webLoginHome -->
        <test-method is-config="true" signature="afterTest()[pri:0, instance:testng_tutorial.Day4@18d87d80]" started-at="2022-04-06T20:18:50 SGT" name="afterTest" finished-at="2022-04-06T20:18:50 SGT" duration-ms="0" status="PASS">
          <reporter-output>
          </reporter-output>
        </test-method> <!-- afterTest -->
        <test-method is-config="true" signature="afterMethod()[pri:0, instance:testng_tutorial.Day4@18d87d80]" started-at="2022-04-06T20:18:50 SGT" name="afterMethod" finished-at="2022-04-06T20:18:50 SGT" duration-ms="0" status="PASS">
          <reporter-output>
          </reporter-output>
        </test-method> <!-- afterMethod -->
      </class> <!-- testng_tutorial.Day4 -->
      <class name="testng_tutorial.Day3">
        <test-method is-config="true" signature="beforeSuite()[pri:0, instance:testng_tutorial.Day3@193f604a]" started-at="2022-04-06T20:18:50 SGT" name="beforeSuite" finished-at="2022-04-06T20:18:50 SGT" duration-ms="9" status="PASS">
          <reporter-output>
          </reporter-output>
        </test-method> <!-- beforeSuite -->
        <test-method is-config="true" signature="afterSuite()[pri:0, instance:testng_tutorial.Day3@193f604a]" started-at="2022-04-06T20:18:50 SGT" name="afterSuite" finished-at="2022-04-06T20:18:50 SGT" duration-ms="1" status="PASS">
          <reporter-output>
          </reporter-output>
        </test-method> <!-- afterSuite -->
      </class> <!-- testng_tutorial.Day3 -->
    </test> <!-- Car Loan -->
    <test started-at="2022-04-06T20:18:50 SGT" name="Personal Loan" finished-at="2022-04-06T20:18:50 SGT" duration-ms="63">
      <class name="testng_tutorial.Day3">
        <test-method signature="apiLogin()[pri:0, instance:testng_tutorial.Day3@193f604a]" started-at="2022-04-06T20:18:50 SGT" name="apiLogin" finished-at="2022-04-06T20:18:50 SGT" duration-ms="5" status="PASS">
          <reporter-output>
          </reporter-output>
        </test-method> <!-- apiLogin -->
        <test-method signature="webLogin(java.lang.String,java.lang.String)[pri:0, instance:testng_tutorial.Day3@193f604a]" started-at="2022-04-06T20:18:50 SGT" name="webLogin" finished-at="2022-04-06T20:18:50 SGT" duration-ms="1" status="PASS">
          <params>
            <param index="0">
              <value>
                <![CDATA[www.google2.com]]>
              </value>
            </param>
            <param index="1">
              <value>
                <![CDATA[Abraham]]>
              </value>
            </param>
          </params>
          <reporter-output>
          </reporter-output>
        </test-method> <!-- webLogin -->
        <test-method signature="mobileLogin()[pri:0, instance:testng_tutorial.Day3@193f604a]" started-at="2022-04-06T20:18:50 SGT" name="mobileLogin" finished-at="2022-04-06T20:18:50 SGT" depends-on-methods="testng_tutorial.Day3.webLogin" duration-ms="2" status="PASS">
          <reporter-output>
          </reporter-output>
        </test-method> <!-- mobileLogin -->
        <test-method signature="mobileLogin2()[pri:0, instance:testng_tutorial.Day3@193f604a]" started-at="2022-04-06T20:18:50 SGT" name="mobileLogin2" finished-at="2022-04-06T20:18:50 SGT" depends-on-methods="testng_tutorial.Day3.mobileLogin" duration-ms="0" status="PASS">
          <reporter-output>
          </reporter-output>
        </test-method> <!-- mobileLogin2 -->
        <test-method signature="mobileLogin3()[pri:0, instance:testng_tutorial.Day3@193f604a]" started-at="2022-04-06T20:18:50 SGT" name="mobileLogin3" finished-at="2022-04-06T20:18:50 SGT" depends-on-methods="testng_tutorial.Day3.mobileLogin2" duration-ms="1" status="PASS">
          <reporter-output>
          </reporter-output>
        </test-method> <!-- mobileLogin3 -->
        <test-method signature="sampleListener()[pri:0, instance:testng_tutorial.Day3@193f604a]" started-at="2022-04-06T20:18:50 SGT" name="sampleListener" finished-at="2022-04-06T20:18:50 SGT" depends-on-methods="testng_tutorial.Day3.webLogin" duration-ms="4" status="FAIL">
          <exception class="java.lang.AssertionError">
            <message>
              <![CDATA[expected [false] but found [true]]]>
            </message>
            <full-stacktrace>
              <![CDATA[java.lang.AssertionError: expected [false] but found [true]
at org.testng.Assert.fail(Assert.java:99)
at org.testng.Assert.failNotEquals(Assert.java:1037)
at org.testng.Assert.assertEqualsImpl(Assert.java:140)
at org.testng.Assert.assertEquals(Assert.java:122)
at org.testng.Assert.assertEquals(Assert.java:819)
at org.testng.Assert.assertEquals(Assert.java:829)
at testng_tutorial.Day3.sampleListener(Day3.java:23)
at java.base/jdk.internal.reflect.NativeMethodAccessorImpl.invoke0(Native Method)
at java.base/jdk.internal.reflect.NativeMethodAccessorImpl.invoke(NativeMethodAccessorImpl.java:77)
at java.base/jdk.internal.reflect.DelegatingMethodAccessorImpl.invoke(DelegatingMethodAccessorImpl.java:43)
at java.base/java.lang.reflect.Method.invoke(Method.java:568)
at org.testng.internal.MethodInvocationHelper.invokeMethod(MethodInvocationHelper.java:133)
at org.testng.internal.TestInvoker.invokeMethod(TestInvoker.java:598)
at org.testng.internal.TestInvoker.invokeTestMethod(TestInvoker.java:173)
at org.testng.internal.MethodRunner.runInSequence(MethodRunner.java:46)
at org.testng.internal.TestInvoker$MethodInvocationAgent.invoke(TestInvoker.java:824)
at org.testng.internal.TestInvoker.invokeTestMethods(TestInvoker.java:146)
at org.testng.internal.TestMethodWorker.invokeTestMethods(TestMethodWorker.java:146)
at org.testng.internal.TestMethodWorker.run(TestMethodWorker.java:128)
at java.base/java.util.ArrayList.forEach(ArrayList.java:1511)
at org.testng.TestRunner.privateRun(TestRunner.java:794)
at org.testng.TestRunner.run(TestRunner.java:596)
at org.testng.SuiteRunner.runTest(SuiteRunner.java:377)
at org.testng.SuiteRunner.access$000(SuiteRunner.java:28)
at org.testng.SuiteRunner$SuiteWorker.run(SuiteRunner.java:418)
at org.testng.internal.thread.ThreadUtil.lambda$execute$0(ThreadUtil.java:64)
at java.base/java.util.concurrent.FutureTask.run(FutureTask.java:264)
at java.base/java.util.concurrent.ThreadPoolExecutor.runWorker(ThreadPoolExecutor.java:1136)
at java.base/java.util.concurrent.ThreadPoolExecutor$Worker.run(ThreadPoolExecutor.java:635)
at java.base/java.lang.Thread.run(Thread.java:833)
]]>
            </full-stacktrace>
          </exception> <!-- java.lang.AssertionError -->
          <reporter-output>
          </reporter-output>
        </test-method> <!-- sampleListener -->
      </class> <!-- testng_tutorial.Day3 -->
      <class name="testng_tutorial.Day2">
        <test-method is-config="true" signature="beforeTest()[pri:0, instance:testng_tutorial.Day2@306f16f3]" started-at="2022-04-06T20:18:50 SGT" name="beforeTest" finished-at="2022-04-06T20:18:50 SGT" duration-ms="0" status="PASS">
          <reporter-output>
          </reporter-output>
        </test-method> <!-- beforeTest -->
        <test-method signature="print()[pri:0, instance:testng_tutorial.Day2@306f16f3]" started-at="2022-04-06T20:18:50 SGT" name="print" finished-at="2022-04-06T20:18:50 SGT" duration-ms="3" status="PASS">
          <reporter-output>
          </reporter-output>
        </test-method> <!-- print -->
      </class> <!-- testng_tutorial.Day2 -->
      <class name="testng_tutorial.Day1">
        <test-method is-config="true" signature="beforeClass()[pri:0, instance:testng_tutorial.Day1@4e096385]" started-at="2022-04-06T20:18:50 SGT" name="beforeClass" finished-at="2022-04-06T20:18:50 SGT" duration-ms="1" status="PASS">
          <reporter-output>
          </reporter-output>
        </test-method> <!-- beforeClass -->
        <test-method signature="demo2()[pri:2, instance:testng_tutorial.Day1@4e096385]" started-at="2022-04-06T20:18:50 SGT" name="demo2" finished-at="2022-04-06T20:18:50 SGT" duration-ms="1" status="PASS">
          <reporter-output>
          </reporter-output>
        </test-method> <!-- demo2 -->
        <test-method is-config="true" signature="afterClass()[pri:0, instance:testng_tutorial.Day1@4e096385]" started-at="2022-04-06T20:18:50 SGT" name="afterClass" finished-at="2022-04-06T20:18:50 SGT" duration-ms="0" status="PASS">
          <reporter-output>
          </reporter-output>
        </test-method> <!-- afterClass -->
      </class> <!-- testng_tutorial.Day1 -->
    </test> <!-- Personal Loan -->
  </suite> <!-- Loan Department -->
</testng-results>
